{
  "Unit Tests": {
    "coverage": {
      "/Users/nixlim/Sync/PROJECTS/bank_tech_test/spec/bank_spec.rb": [
        1,
        null,
        1,
        5,
        5,
        5,
        null,
        1,
        null,
        1,
        1,
        null,
        null,
        1,
        1,
        null,
        null,
        1,
        1,
        1,
        null,
        null,
        1,
        2,
        null,
        null,
        null,
        null,
        null,
        1,
        null,
        1,
        null,
        null,
        null,
        null,
        null,
        null
      ]
    },
    "timestamp": 1529331436
  },
  "RSpec": {
    "coverage": {
      "/Users/nixlim/Sync/PROJECTS/bank_tech_test/spec/bank_spec.rb": [
        1,
        null,
        1,
        1,
        1,
        null,
        null,
        null
      ]
    },
    "timestamp": 1529322115
  }
}
