{
  "Unit Tests": {
    "coverage": {
      "/Users/nixlim/Sync/PROJECTS/bank_tech_test/spec/bank_spec.rb": [
        1,
        null,
        1,
        4,
        4,
        null,
        1,
        1,
        1,
        null,
        null,
        1,
        1,
        null,
        null,
        1,
        1,
        1,
        null,
        null,
        null,
        null,
        null
      ]
    },
    "timestamp": 1529328175
  },
  "RSpec": {
    "coverage": {
      "/Users/nixlim/Sync/PROJECTS/bank_tech_test/spec/bank_spec.rb": [
        1,
        null,
        1,
        1,
        1,
        null,
        null,
        null
      ]
    },
    "timestamp": 1529322115
  }
}
